[INFO] Scanning for projects...
[INFO] 
[INFO] ------------------< com.marcusvynicius:ecommerce-api >------------------
[INFO] Building  0.0.1-SNAPSHOT
[INFO]   from pom.xml
[INFO] --------------------------------[ jar ]---------------------------------
[INFO] 
[INFO] >>> spring-boot:4.0.6:run (default-cli) > test-compile @ ecommerce-api >>>
[INFO] 
[INFO] --- resources:3.3.1:resources (default-resources) @ ecommerce-api ---
[INFO] Copying 4 resources from src\main\resources to target\classes
[INFO] Copying 2 resources from src\main\resources to target\classes
[INFO] 
[INFO] --- compiler:3.14.1:compile (default-compile) @ ecommerce-api ---
[INFO] Nothing to compile - all classes are up to date.
[INFO] 
[INFO] --- resources:3.3.1:testResources (default-testResources) @ ecommerce-api ---
[INFO] skip non existing resourceDirectory C:\Users\Vyni\Documents\freelancer\uber-weets-v2\ecommerce-api\src\test\resources
[INFO] 
[INFO] --- compiler:3.14.1:testCompile (default-testCompile) @ ecommerce-api ---
[INFO] Nothing to compile - all classes are up to date.
[INFO] 
[INFO] <<< spring-boot:4.0.6:run (default-cli) < test-compile @ ecommerce-api <<<
[INFO] 
[INFO] 
[INFO] --- spring-boot:4.0.6:run (default-cli) @ ecommerce-api ---
[INFO] Attaching agents: []

  .   ____          _            __ _ _
 /\\ / ___'_ __ _ _(_)_ __  __ _ \ \ \ \
( ( )\___ | '_ | '_| | '_ \/ _` | \ \ \ \
 \\/  ___)| |_)| | | | | || (_| |  ) ) ) )
  '  |____| .__|_| |_|_| |_\__, | / / / /
 =========|_|==============|___/=/_/_/_/

 :: Spring Boot ::                (v4.0.6)

2026-06-10T19:21:16.821+01:00  INFO 20088 --- [ecommerce-api] [  restartedMain] c.m.e.EcommerceApiApplication            : Starting EcommerceApiApplication using Java 20.0.2 with PID 20088 (C:\Users\Vyni\Documents\freelancer\uber-weets-v2\ecommerce-api\target\classes started by Vyni in C:\Users\Vyni\Documents\freelancer\uber-weets-v2\ecommerce-api)
2026-06-10T19:21:16.828+01:00  INFO 20088 --- [ecommerce-api] [  restartedMain] c.m.e.EcommerceApiApplication            : The following 1 profile is active: "dev"
2026-06-10T19:21:16.903+01:00  INFO 20088 --- [ecommerce-api] [  restartedMain] .e.DevToolsPropertyDefaultsPostProcessor : Devtools property defaults active! Set 'spring.devtools.add-properties' to 'false' to disable
2026-06-10T19:21:16.903+01:00  INFO 20088 --- [ecommerce-api] [  restartedMain] .e.DevToolsPropertyDefaultsPostProcessor : For additional web related logging consider setting the 'logging.level.web' property to 'DEBUG'
2026-06-10T19:21:18.441+01:00  INFO 20088 --- [ecommerce-api] [  restartedMain] .s.d.r.c.RepositoryConfigurationDelegate : Bootstrapping Spring Data JPA repositories in DEFAULT mode.
2026-06-10T19:21:18.508+01:00  INFO 20088 --- [ecommerce-api] [  restartedMain] .s.d.r.c.RepositoryConfigurationDelegate : Finished Spring Data repository scanning in 55 ms. Found 1 JPA repository interface.
2026-06-10T19:21:19.272+01:00  INFO 20088 --- [ecommerce-api] [  restartedMain] o.s.boot.tomcat.TomcatWebServer          : Tomcat initialized with port 8080 (http)
2026-06-10T19:21:19.293+01:00  INFO 20088 --- [ecommerce-api] [  restartedMain] o.apache.catalina.core.StandardService   : Starting service [Tomcat]
2026-06-10T19:21:19.294+01:00  INFO 20088 --- [ecommerce-api] [  restartedMain] o.apache.catalina.core.StandardEngine    : Starting Servlet engine: [Apache Tomcat/11.0.21]
2026-06-10T19:21:19.367+01:00  INFO 20088 --- [ecommerce-api] [  restartedMain] b.w.c.s.WebApplicationContextInitializer : Root WebApplicationContext: initialization completed in 2463 ms
2026-06-10T19:21:19.686+01:00  INFO 20088 --- [ecommerce-api] [  restartedMain] com.zaxxer.hikari.HikariDataSource       : HikariPool-1 - Starting...
2026-06-10T19:21:19.904+01:00  INFO 20088 --- [ecommerce-api] [  restartedMain] com.zaxxer.hikari.pool.HikariPool        : HikariPool-1 - Added connection org.postgresql.jdbc.PgConnection@7db604b6
2026-06-10T19:21:19.906+01:00  INFO 20088 --- [ecommerce-api] [  restartedMain] com.zaxxer.hikari.HikariDataSource       : HikariPool-1 - Start completed.
2026-06-10T19:21:19.940+01:00  INFO 20088 --- [ecommerce-api] [  restartedMain] org.flywaydb.core.FlywayExecutor         : Database: jdbc:postgresql://localhost:5432/uberweets-api-v2 (PostgreSQL 18.3)
2026-06-10T19:21:20.029+01:00  INFO 20088 --- [ecommerce-api] [  restartedMain] o.f.core.internal.command.DbValidate     : Successfully validated 2 migrations (execution time 00:00.040s)
2026-06-10T19:21:20.063+01:00  INFO 20088 --- [ecommerce-api] [  restartedMain] o.f.core.internal.command.DbMigrate      : Current version of schema "public": 2
2026-06-10T19:21:20.069+01:00  INFO 20088 --- [ecommerce-api] [  restartedMain] o.f.core.internal.command.DbMigrate      : Schema "public" is up to date. No migration necessary.
2026-06-10T19:21:20.193+01:00  INFO 20088 --- [ecommerce-api] [  restartedMain] org.hibernate.orm.jpa                    : HHH008540: Processing PersistenceUnitInfo [name: default]
2026-06-10T19:21:20.277+01:00  INFO 20088 --- [ecommerce-api] [  restartedMain] org.hibernate.orm.core                   : HHH000001: Hibernate ORM core version 7.2.12.Final
2026-06-10T19:21:20.865+01:00  INFO 20088 --- [ecommerce-api] [  restartedMain] o.s.o.j.p.SpringPersistenceUnitInfo      : No LoadTimeWeaver setup: ignoring JPA class transformer
2026-06-10T19:21:20.990+01:00  INFO 20088 --- [ecommerce-api] [  restartedMain] org.hibernate.orm.connections.pooling    : HHH10001005: Database info:
	Database JDBC URL [jdbc:postgresql://localhost:5432/uberweets-api-v2]
	Database driver: PostgreSQL JDBC Driver
	Database dialect: PostgreSQLDialect
	Database version: 18.3
	Default catalog/schema: uberweets-api-v2/public
	Autocommit mode: undefined/unknown
	Isolation level: READ_COMMITTED [default READ_COMMITTED]
	JDBC fetch size: none
	Pool: DataSourceConnectionProvider
	Minimum pool size: undefined/unknown
	Maximum pool size: undefined/unknown
2026-06-10T19:21:22.206+01:00  INFO 20088 --- [ecommerce-api] [  restartedMain] org.hibernate.orm.core                   : HHH000489: No JTA platform available (set 'hibernate.transaction.jta.platform' to enable JTA platform integration)
2026-06-10T19:21:22.280+01:00  INFO 20088 --- [ecommerce-api] [  restartedMain] j.LocalContainerEntityManagerFactoryBean : Initialized JPA EntityManagerFactory for persistence unit 'default'
2026-06-10T19:21:22.399+01:00  INFO 20088 --- [ecommerce-api] [  restartedMain] o.s.d.j.r.query.QueryEnhancerFactories   : Hibernate is in classpath; If applicable, HQL parser will be used.
2026-06-10T19:21:22.831+01:00  WARN 20088 --- [ecommerce-api] [  restartedMain] JpaBaseConfiguration$JpaWebConfiguration : spring.jpa.open-in-view is enabled by default. Therefore, database queries may be performed during view rendering. Explicitly configure spring.jpa.open-in-view to disable this warning
2026-06-10T19:21:22.945+01:00  WARN 20088 --- [ecommerce-api] [  restartedMain] .s.a.UserDetailsServiceAutoConfiguration : 

Using generated security password: 4275032d-b135-4238-b945-154d1218f27b

This generated password is for development use only. Your security configuration must be updated before running your application in production.

2026-06-10T19:21:22.958+01:00  INFO 20088 --- [ecommerce-api] [  restartedMain] r$InitializeUserDetailsManagerConfigurer : Global AuthenticationManager configured with UserDetailsService bean with name inMemoryUserDetailsManager
2026-06-10T19:21:23.835+01:00  WARN 20088 --- [ecommerce-api] [  restartedMain] ConfigServletWebServerApplicationContext : Exception encountered during context initialization - cancelling refresh attempt: org.springframework.context.ApplicationContextException: Failed to start bean 'webServerStartStop'
2026-06-10T19:21:23.838+01:00  INFO 20088 --- [ecommerce-api] [  restartedMain] j.LocalContainerEntityManagerFactoryBean : Closing JPA EntityManagerFactory for persistence unit 'default'
2026-06-10T19:21:23.843+01:00  INFO 20088 --- [ecommerce-api] [  restartedMain] com.zaxxer.hikari.HikariDataSource       : HikariPool-1 - Shutdown initiated...
2026-06-10T19:21:23.859+01:00  INFO 20088 --- [ecommerce-api] [  restartedMain] com.zaxxer.hikari.HikariDataSource       : HikariPool-1 - Shutdown completed.
2026-06-10T19:21:23.916+01:00  INFO 20088 --- [ecommerce-api] [  restartedMain] .s.b.a.l.ConditionEvaluationReportLogger : 

Error starting ApplicationContext. To display the condition evaluation report re-run your application with 'debug' enabled.
2026-06-10T19:21:23.979+01:00 ERROR 20088 --- [ecommerce-api] [  restartedMain] o.s.b.d.LoggingFailureAnalysisReporter   : 

***************************
APPLICATION FAILED TO START
***************************

Description:

Web server failed to start. Port 8080 was already in use.

Action:

Identify and stop the process that's listening on port 8080 or configure this application to listen on another port.

[INFO] ------------------------------------------------------------------------
[INFO] BUILD SUCCESS
[INFO] ------------------------------------------------------------------------
[INFO] Total time:  11.621 s
[INFO] Finished at: 2026-06-10T19:21:24+01:00
[INFO] ------------------------------------------------------------------------
