[INFO] Scanning for projects...
[INFO] 
[INFO] ------------------< com.marcusvynicius:ecommerce-api >------------------
[INFO] Building  0.0.1-SNAPSHOT
[INFO]   from pom.xml
[INFO] --------------------------------[ jar ]---------------------------------
[INFO] 
[INFO] >>> spring-boot:4.0.6:run (default-cli) > test-compile @ ecommerce-api >>>
[INFO] 
[INFO] --- resources:3.3.1:resources (default-resources) @ ecommerce-api ---
[INFO] Copying 4 resources from src\main\resources to target\classes
[INFO] Copying 2 resources from src\main\resources to target\classes
[INFO] 
[INFO] --- compiler:3.14.1:compile (default-compile) @ ecommerce-api ---
[INFO] Nothing to compile - all classes are up to date.
[INFO] 
[INFO] --- resources:3.3.1:testResources (default-testResources) @ ecommerce-api ---
[INFO] skip non existing resourceDirectory C:\Users\Vyni\Documents\freelancer\uber-weets-v2\ecommerce-api\src\test\resources
[INFO] 
[INFO] --- compiler:3.14.1:testCompile (default-testCompile) @ ecommerce-api ---
[INFO] Nothing to compile - all classes are up to date.
[INFO] 
[INFO] <<< spring-boot:4.0.6:run (default-cli) < test-compile @ ecommerce-api <<<
[INFO] 
[INFO] 
[INFO] --- spring-boot:4.0.6:run (default-cli) @ ecommerce-api ---
[INFO] Attaching agents: []

  .   ____          _            __ _ _
 /\\ / ___'_ __ _ _(_)_ __  __ _ \ \ \ \
( ( )\___ | '_ | '_| | '_ \/ _` | \ \ \ \
 \\/  ___)| |_)| | | | | || (_| |  ) ) ) )
  '  |____| .__|_| |_|_| |_\__, | / / / /
 =========|_|==============|___/=/_/_/_/

 :: Spring Boot ::                (v4.0.6)

2026-06-10T19:26:10.448+01:00  INFO 8428 --- [ecommerce-api] [  restartedMain] c.m.e.EcommerceApiApplication            : Starting EcommerceApiApplication using Java 20.0.2 with PID 8428 (C:\Users\Vyni\Documents\freelancer\uber-weets-v2\ecommerce-api\target\classes started by Vyni in C:\Users\Vyni\Documents\freelancer\uber-weets-v2\ecommerce-api)
2026-06-10T19:26:10.460+01:00  INFO 8428 --- [ecommerce-api] [  restartedMain] c.m.e.EcommerceApiApplication            : The following 1 profile is active: "dev"
2026-06-10T19:26:10.532+01:00  INFO 8428 --- [ecommerce-api] [  restartedMain] .e.DevToolsPropertyDefaultsPostProcessor : Devtools property defaults active! Set 'spring.devtools.add-properties' to 'false' to disable
2026-06-10T19:26:10.533+01:00  INFO 8428 --- [ecommerce-api] [  restartedMain] .e.DevToolsPropertyDefaultsPostProcessor : For additional web related logging consider setting the 'logging.level.web' property to 'DEBUG'
2026-06-10T19:26:11.514+01:00  INFO 8428 --- [ecommerce-api] [  restartedMain] .s.d.r.c.RepositoryConfigurationDelegate : Bootstrapping Spring Data JPA repositories in DEFAULT mode.
2026-06-10T19:26:11.580+01:00  INFO 8428 --- [ecommerce-api] [  restartedMain] .s.d.r.c.RepositoryConfigurationDelegate : Finished Spring Data repository scanning in 49 ms. Found 1 JPA repository interface.
2026-06-10T19:26:12.315+01:00  INFO 8428 --- [ecommerce-api] [  restartedMain] o.s.boot.tomcat.TomcatWebServer          : Tomcat initialized with port 8082 (http)
2026-06-10T19:26:12.333+01:00  INFO 8428 --- [ecommerce-api] [  restartedMain] o.apache.catalina.core.StandardService   : Starting service [Tomcat]
2026-06-10T19:26:12.333+01:00  INFO 8428 --- [ecommerce-api] [  restartedMain] o.apache.catalina.core.StandardEngine    : Starting Servlet engine: [Apache Tomcat/11.0.21]
2026-06-10T19:26:12.401+01:00  INFO 8428 --- [ecommerce-api] [  restartedMain] b.w.c.s.WebApplicationContextInitializer : Root WebApplicationContext: initialization completed in 1867 ms
2026-06-10T19:26:12.703+01:00  INFO 8428 --- [ecommerce-api] [  restartedMain] com.zaxxer.hikari.HikariDataSource       : HikariPool-1 - Starting...
2026-06-10T19:26:12.894+01:00  INFO 8428 --- [ecommerce-api] [  restartedMain] com.zaxxer.hikari.pool.HikariPool        : HikariPool-1 - Added connection org.postgresql.jdbc.PgConnection@6c58ea03
2026-06-10T19:26:12.896+01:00  INFO 8428 --- [ecommerce-api] [  restartedMain] com.zaxxer.hikari.HikariDataSource       : HikariPool-1 - Start completed.
2026-06-10T19:26:12.927+01:00  INFO 8428 --- [ecommerce-api] [  restartedMain] org.flywaydb.core.FlywayExecutor         : Database: jdbc:postgresql://localhost:5432/uberweets-api-v2 (PostgreSQL 18.3)
2026-06-10T19:26:13.008+01:00  INFO 8428 --- [ecommerce-api] [  restartedMain] o.f.core.internal.command.DbValidate     : Successfully validated 2 migrations (execution time 00:00.036s)
2026-06-10T19:26:13.052+01:00  INFO 8428 --- [ecommerce-api] [  restartedMain] o.f.core.internal.command.DbMigrate      : Current version of schema "public": 2
2026-06-10T19:26:13.063+01:00  INFO 8428 --- [ecommerce-api] [  restartedMain] o.f.core.internal.command.DbMigrate      : Schema "public" is up to date. No migration necessary.
2026-06-10T19:26:13.185+01:00  INFO 8428 --- [ecommerce-api] [  restartedMain] org.hibernate.orm.jpa                    : HHH008540: Processing PersistenceUnitInfo [name: default]
2026-06-10T19:26:13.267+01:00  INFO 8428 --- [ecommerce-api] [  restartedMain] org.hibernate.orm.core                   : HHH000001: Hibernate ORM core version 7.2.12.Final
2026-06-10T19:26:13.764+01:00  INFO 8428 --- [ecommerce-api] [  restartedMain] o.s.o.j.p.SpringPersistenceUnitInfo      : No LoadTimeWeaver setup: ignoring JPA class transformer
2026-06-10T19:26:13.883+01:00  INFO 8428 --- [ecommerce-api] [  restartedMain] org.hibernate.orm.connections.pooling    : HHH10001005: Database info:
	Database JDBC URL [jdbc:postgresql://localhost:5432/uberweets-api-v2]
	Database driver: PostgreSQL JDBC Driver
	Database dialect: PostgreSQLDialect
	Database version: 18.3
	Default catalog/schema: uberweets-api-v2/public
	Autocommit mode: undefined/unknown
	Isolation level: READ_COMMITTED [default READ_COMMITTED]
	JDBC fetch size: none
	Pool: DataSourceConnectionProvider
	Minimum pool size: undefined/unknown
	Maximum pool size: undefined/unknown
2026-06-10T19:26:15.006+01:00  INFO 8428 --- [ecommerce-api] [  restartedMain] org.hibernate.orm.core                   : HHH000489: No JTA platform available (set 'hibernate.transaction.jta.platform' to enable JTA platform integration)
2026-06-10T19:26:15.052+01:00  INFO 8428 --- [ecommerce-api] [  restartedMain] j.LocalContainerEntityManagerFactoryBean : Initialized JPA EntityManagerFactory for persistence unit 'default'
2026-06-10T19:26:15.152+01:00  INFO 8428 --- [ecommerce-api] [  restartedMain] o.s.d.j.r.query.QueryEnhancerFactories   : Hibernate is in classpath; If applicable, HQL parser will be used.
2026-06-10T19:26:15.444+01:00  WARN 8428 --- [ecommerce-api] [  restartedMain] JpaBaseConfiguration$JpaWebConfiguration : spring.jpa.open-in-view is enabled by default. Therefore, database queries may be performed during view rendering. Explicitly configure spring.jpa.open-in-view to disable this warning
2026-06-10T19:26:15.548+01:00  WARN 8428 --- [ecommerce-api] [  restartedMain] .s.a.UserDetailsServiceAutoConfiguration : 

Using generated security password: cdcf3d58-0eca-4af5-802f-8a7173aa0161

This generated password is for development use only. Your security configuration must be updated before running your application in production.

2026-06-10T19:26:15.556+01:00  INFO 8428 --- [ecommerce-api] [  restartedMain] r$InitializeUserDetailsManagerConfigurer : Global AuthenticationManager configured with UserDetailsService bean with name inMemoryUserDetailsManager
2026-06-10T19:26:16.229+01:00  INFO 8428 --- [ecommerce-api] [  restartedMain] o.s.boot.tomcat.TomcatWebServer          : Tomcat started on port 8082 (http) with context path '/'
2026-06-10T19:26:16.236+01:00  INFO 8428 --- [ecommerce-api] [  restartedMain] c.m.e.EcommerceApiApplication            : Started EcommerceApiApplication in 6.272 seconds (process running for 6.863)
2026-06-10T19:26:16.240+01:00  WARN 8428 --- [ecommerce-api] [  restartedMain] o.s.core.events.SpringDocAppInitializer  : SpringDoc /v3/api-docs endpoint is enabled by default. To disable it in production, set the property 'springdoc.api-docs.enabled=false'
2026-06-10T19:26:16.241+01:00  WARN 8428 --- [ecommerce-api] [  restartedMain] o.s.core.events.SpringDocAppInitializer  : SpringDoc /swagger-ui.html endpoint is enabled by default. To disable it in production, set the property 'springdoc.swagger-ui.enabled=false'
2026-06-10T19:26:27.794+01:00  INFO 8428 --- [ecommerce-api] [nio-8082-exec-1] o.a.c.c.C.[Tomcat].[localhost].[/]       : Initializing Spring DispatcherServlet 'dispatcherServlet'
2026-06-10T19:26:27.795+01:00  INFO 8428 --- [ecommerce-api] [nio-8082-exec-1] o.s.web.servlet.DispatcherServlet        : Initializing Servlet 'dispatcherServlet'
2026-06-10T19:26:27.797+01:00  INFO 8428 --- [ecommerce-api] [nio-8082-exec-1] o.s.web.servlet.DispatcherServlet        : Completed initialization in 1 ms
