[INFO] Scanning for projects...
[INFO] 
[INFO] ------------------< com.marcusvynicius:ecommerce-api >------------------
[INFO] Building  0.0.1-SNAPSHOT
[INFO]   from pom.xml
[INFO] --------------------------------[ jar ]---------------------------------
[INFO] 
[INFO] >>> spring-boot:4.0.6:run (default-cli) > test-compile @ ecommerce-api >>>
[INFO] 
[INFO] --- resources:3.3.1:resources (default-resources) @ ecommerce-api ---
[INFO] Copying 4 resources from src\main\resources to target\classes
[INFO] Copying 2 resources from src\main\resources to target\classes
[INFO] 
[INFO] --- compiler:3.14.1:compile (default-compile) @ ecommerce-api ---
[INFO] Nothing to compile - all classes are up to date.
[INFO] 
[INFO] --- resources:3.3.1:testResources (default-testResources) @ ecommerce-api ---
[INFO] skip non existing resourceDirectory C:\Users\Vyni\Documents\freelancer\uber-weets-v2\ecommerce-api\src\test\resources
[INFO] 
[INFO] --- compiler:3.14.1:testCompile (default-testCompile) @ ecommerce-api ---
[INFO] Nothing to compile - all classes are up to date.
[INFO] 
[INFO] <<< spring-boot:4.0.6:run (default-cli) < test-compile @ ecommerce-api <<<
[INFO] 
[INFO] 
[INFO] --- spring-boot:4.0.6:run (default-cli) @ ecommerce-api ---
[INFO] Attaching agents: []

  .   ____          _            __ _ _
 /\\ / ___'_ __ _ _(_)_ __  __ _ \ \ \ \
( ( )\___ | '_ | '_| | '_ \/ _` | \ \ \ \
 \\/  ___)| |_)| | | | | || (_| |  ) ) ) )
  '  |____| .__|_| |_|_| |_\__, | / / / /
 =========|_|==============|___/=/_/_/_/

 :: Spring Boot ::                (v4.0.6)

2026-06-10T19:40:43.614+01:00  INFO 12440 --- [ecommerce-api] [  restartedMain] c.m.e.EcommerceApiApplication            : Starting EcommerceApiApplication using Java 20.0.2 with PID 12440 (C:\Users\Vyni\Documents\freelancer\uber-weets-v2\ecommerce-api\target\classes started by Vyni in C:\Users\Vyni\Documents\freelancer\uber-weets-v2\ecommerce-api)
2026-06-10T19:40:43.620+01:00  INFO 12440 --- [ecommerce-api] [  restartedMain] c.m.e.EcommerceApiApplication            : The following 1 profile is active: "dev"
2026-06-10T19:40:43.689+01:00  INFO 12440 --- [ecommerce-api] [  restartedMain] .e.DevToolsPropertyDefaultsPostProcessor : Devtools property defaults active! Set 'spring.devtools.add-properties' to 'false' to disable
2026-06-10T19:40:43.689+01:00  INFO 12440 --- [ecommerce-api] [  restartedMain] .e.DevToolsPropertyDefaultsPostProcessor : For additional web related logging consider setting the 'logging.level.web' property to 'DEBUG'
2026-06-10T19:40:44.756+01:00  INFO 12440 --- [ecommerce-api] [  restartedMain] .s.d.r.c.RepositoryConfigurationDelegate : Bootstrapping Spring Data JPA repositories in DEFAULT mode.
2026-06-10T19:40:44.827+01:00  INFO 12440 --- [ecommerce-api] [  restartedMain] .s.d.r.c.RepositoryConfigurationDelegate : Finished Spring Data repository scanning in 55 ms. Found 1 JPA repository interface.
2026-06-10T19:40:45.651+01:00  INFO 12440 --- [ecommerce-api] [  restartedMain] o.s.boot.tomcat.TomcatWebServer          : Tomcat initialized with port 8090 (http)
2026-06-10T19:40:45.666+01:00  INFO 12440 --- [ecommerce-api] [  restartedMain] o.apache.catalina.core.StandardService   : Starting service [Tomcat]
2026-06-10T19:40:45.666+01:00  INFO 12440 --- [ecommerce-api] [  restartedMain] o.apache.catalina.core.StandardEngine    : Starting Servlet engine: [Apache Tomcat/11.0.21]
2026-06-10T19:40:45.737+01:00  INFO 12440 --- [ecommerce-api] [  restartedMain] b.w.c.s.WebApplicationContextInitializer : Root WebApplicationContext: initialization completed in 2047 ms
2026-06-10T19:40:46.085+01:00  INFO 12440 --- [ecommerce-api] [  restartedMain] com.zaxxer.hikari.HikariDataSource       : HikariPool-1 - Starting...
2026-06-10T19:40:46.292+01:00  INFO 12440 --- [ecommerce-api] [  restartedMain] com.zaxxer.hikari.pool.HikariPool        : HikariPool-1 - Added connection org.postgresql.jdbc.PgConnection@2819b3f2
2026-06-10T19:40:46.295+01:00  INFO 12440 --- [ecommerce-api] [  restartedMain] com.zaxxer.hikari.HikariDataSource       : HikariPool-1 - Start completed.
2026-06-10T19:40:46.325+01:00  INFO 12440 --- [ecommerce-api] [  restartedMain] org.flywaydb.core.FlywayExecutor         : Database: jdbc:postgresql://localhost:5432/uberweets-api-v2 (PostgreSQL 18.3)
2026-06-10T19:40:46.405+01:00  INFO 12440 --- [ecommerce-api] [  restartedMain] o.f.core.internal.command.DbValidate     : Successfully validated 2 migrations (execution time 00:00.034s)
2026-06-10T19:40:46.455+01:00  INFO 12440 --- [ecommerce-api] [  restartedMain] o.f.core.internal.command.DbMigrate      : Current version of schema "public": 2
2026-06-10T19:40:46.463+01:00  INFO 12440 --- [ecommerce-api] [  restartedMain] o.f.core.internal.command.DbMigrate      : Schema "public" is up to date. No migration necessary.
2026-06-10T19:40:46.592+01:00  INFO 12440 --- [ecommerce-api] [  restartedMain] org.hibernate.orm.jpa                    : HHH008540: Processing PersistenceUnitInfo [name: default]
2026-06-10T19:40:46.693+01:00  INFO 12440 --- [ecommerce-api] [  restartedMain] org.hibernate.orm.core                   : HHH000001: Hibernate ORM core version 7.2.12.Final
2026-06-10T19:40:47.236+01:00  INFO 12440 --- [ecommerce-api] [  restartedMain] o.s.o.j.p.SpringPersistenceUnitInfo      : No LoadTimeWeaver setup: ignoring JPA class transformer
2026-06-10T19:40:47.351+01:00  INFO 12440 --- [ecommerce-api] [  restartedMain] org.hibernate.orm.connections.pooling    : HHH10001005: Database info:
	Database JDBC URL [jdbc:postgresql://localhost:5432/uberweets-api-v2]
	Database driver: PostgreSQL JDBC Driver
	Database dialect: PostgreSQLDialect
	Database version: 18.3
	Default catalog/schema: uberweets-api-v2/public
	Autocommit mode: undefined/unknown
	Isolation level: READ_COMMITTED [default READ_COMMITTED]
	JDBC fetch size: none
	Pool: DataSourceConnectionProvider
	Minimum pool size: undefined/unknown
	Maximum pool size: undefined/unknown
2026-06-10T19:40:48.451+01:00  INFO 12440 --- [ecommerce-api] [  restartedMain] org.hibernate.orm.core                   : HHH000489: No JTA platform available (set 'hibernate.transaction.jta.platform' to enable JTA platform integration)
2026-06-10T19:40:48.509+01:00  INFO 12440 --- [ecommerce-api] [  restartedMain] j.LocalContainerEntityManagerFactoryBean : Initialized JPA EntityManagerFactory for persistence unit 'default'
2026-06-10T19:40:48.618+01:00  INFO 12440 --- [ecommerce-api] [  restartedMain] o.s.d.j.r.query.QueryEnhancerFactories   : Hibernate is in classpath; If applicable, HQL parser will be used.
2026-06-10T19:40:48.963+01:00  WARN 12440 --- [ecommerce-api] [  restartedMain] JpaBaseConfiguration$JpaWebConfiguration : spring.jpa.open-in-view is enabled by default. Therefore, database queries may be performed during view rendering. Explicitly configure spring.jpa.open-in-view to disable this warning
2026-06-10T19:40:49.070+01:00  WARN 12440 --- [ecommerce-api] [  restartedMain] .s.a.UserDetailsServiceAutoConfiguration : 

Using generated security password: 1d379081-2fed-431e-852b-74e6e020f8b2

This generated password is for development use only. Your security configuration must be updated before running your application in production.

2026-06-10T19:40:49.074+01:00  INFO 12440 --- [ecommerce-api] [  restartedMain] r$InitializeUserDetailsManagerConfigurer : Global AuthenticationManager configured with UserDetailsService bean with name inMemoryUserDetailsManager
2026-06-10T19:40:49.793+01:00  INFO 12440 --- [ecommerce-api] [  restartedMain] o.s.boot.tomcat.TomcatWebServer          : Tomcat started on port 8090 (http) with context path '/'
2026-06-10T19:40:49.803+01:00  INFO 12440 --- [ecommerce-api] [  restartedMain] c.m.e.EcommerceApiApplication            : Started EcommerceApiApplication in 6.685 seconds (process running for 7.265)
2026-06-10T19:40:49.806+01:00  WARN 12440 --- [ecommerce-api] [  restartedMain] o.s.core.events.SpringDocAppInitializer  : SpringDoc /v3/api-docs endpoint is enabled by default. To disable it in production, set the property 'springdoc.api-docs.enabled=false'
2026-06-10T19:40:49.806+01:00  WARN 12440 --- [ecommerce-api] [  restartedMain] o.s.core.events.SpringDocAppInitializer  : SpringDoc /swagger-ui.html endpoint is enabled by default. To disable it in production, set the property 'springdoc.swagger-ui.enabled=false'
2026-06-10T19:40:50.119+01:00  INFO 12440 --- [ecommerce-api] [nio-8090-exec-1] o.a.c.c.C.[Tomcat].[localhost].[/]       : Initializing Spring DispatcherServlet 'dispatcherServlet'
2026-06-10T19:40:50.120+01:00  INFO 12440 --- [ecommerce-api] [nio-8090-exec-1] o.s.web.servlet.DispatcherServlet        : Initializing Servlet 'dispatcherServlet'
2026-06-10T19:40:50.122+01:00  INFO 12440 --- [ecommerce-api] [nio-8090-exec-1] o.s.web.servlet.DispatcherServlet        : Completed initialization in 2 ms
2026-06-10T19:40:50.829+01:00  WARN 12440 --- [ecommerce-api] [nio-8090-exec-1] .m.m.a.ExceptionHandlerExceptionResolver : Resolved [com.marcusvynicius.ecommerce_api.exceptions.InvalidCredentialsException: Invalid email or password]
2026-06-10T19:41:02.779+01:00  WARN 12440 --- [ecommerce-api] [nio-8090-exec-3] .m.m.a.ExceptionHandlerExceptionResolver : Resolved [com.marcusvynicius.ecommerce_api.exceptions.InvalidCredentialsException: Invalid email or password]
2026-06-10T19:41:12.131+01:00  WARN 12440 --- [ecommerce-api] [nio-8090-exec-5] .m.m.a.ExceptionHandlerExceptionResolver : Resolved [org.springframework.http.converter.HttpMessageNotReadableException: JSON parse error: Unexpected character ('\' (code 92)): was expecting double-quote to start property name]
2026-06-10T19:45:49.536+01:00  INFO 12440 --- [ecommerce-api] [   File Watcher] rtingClassPathChangeChangedEventListener : Restarting due to 3 class path changes (0 additions, 3 deletions, 0 modifications)
2026-06-10T19:45:49.557+01:00  INFO 12440 --- [ecommerce-api] [       Thread-1] o.s.boot.tomcat.GracefulShutdown         : Commencing graceful shutdown. Waiting for active requests to complete
2026-06-10T19:45:49.607+01:00  INFO 12440 --- [ecommerce-api] [tomcat-shutdown] o.s.boot.tomcat.GracefulShutdown         : Graceful shutdown complete
2026-06-10T19:45:49.614+01:00  INFO 12440 --- [ecommerce-api] [       Thread-1] j.LocalContainerEntityManagerFactoryBean : Closing JPA EntityManagerFactory for persistence unit 'default'
2026-06-10T19:45:49.621+01:00  INFO 12440 --- [ecommerce-api] [       Thread-1] com.zaxxer.hikari.HikariDataSource       : HikariPool-1 - Shutdown initiated...
2026-06-10T19:45:49.626+01:00  INFO 12440 --- [ecommerce-api] [       Thread-1] com.zaxxer.hikari.HikariDataSource       : HikariPool-1 - Shutdown completed.

  .   ____          _            __ _ _
 /\\ / ___'_ __ _ _(_)_ __  __ _ \ \ \ \
( ( )\___ | '_ | '_| | '_ \/ _` | \ \ \ \
 \\/  ___)| |_)| | | | | || (_| |  ) ) ) )
  '  |____| .__|_| |_|_| |_\__, | / / / /
 =========|_|==============|___/=/_/_/_/

 :: Spring Boot ::                (v4.0.6)

2026-06-10T19:45:49.765+01:00  INFO 12440 --- [ecommerce-api] [  restartedMain] c.m.e.EcommerceApiApplication            : Starting EcommerceApiApplication using Java 20.0.2 with PID 12440 (C:\Users\Vyni\Documents\freelancer\uber-weets-v2\ecommerce-api\target\classes started by Vyni in C:\Users\Vyni\Documents\freelancer\uber-weets-v2\ecommerce-api)
2026-06-10T19:45:49.765+01:00  INFO 12440 --- [ecommerce-api] [  restartedMain] c.m.e.EcommerceApiApplication            : The following 1 profile is active: "dev"
2026-06-10T19:45:50.200+01:00  INFO 12440 --- [ecommerce-api] [  restartedMain] .s.d.r.c.RepositoryConfigurationDelegate : Bootstrapping Spring Data JPA repositories in DEFAULT mode.
2026-06-10T19:45:50.221+01:00  INFO 12440 --- [ecommerce-api] [  restartedMain] .s.d.r.c.RepositoryConfigurationDelegate : Finished Spring Data repository scanning in 18 ms. Found 1 JPA repository interface.
2026-06-10T19:45:50.465+01:00  INFO 12440 --- [ecommerce-api] [  restartedMain] o.s.boot.tomcat.TomcatWebServer          : Tomcat initialized with port 8090 (http)
2026-06-10T19:45:50.471+01:00  INFO 12440 --- [ecommerce-api] [  restartedMain] o.apache.catalina.core.StandardService   : Starting service [Tomcat]
2026-06-10T19:45:50.472+01:00  INFO 12440 --- [ecommerce-api] [  restartedMain] o.apache.catalina.core.StandardEngine    : Starting Servlet engine: [Apache Tomcat/11.0.21]
2026-06-10T19:45:50.537+01:00  INFO 12440 --- [ecommerce-api] [  restartedMain] b.w.c.s.WebApplicationContextInitializer : Root WebApplicationContext: initialization completed in 768 ms
2026-06-10T19:45:50.670+01:00  INFO 12440 --- [ecommerce-api] [  restartedMain] com.zaxxer.hikari.HikariDataSource       : HikariPool-2 - Starting...
2026-06-10T19:45:50.729+01:00  INFO 12440 --- [ecommerce-api] [  restartedMain] com.zaxxer.hikari.pool.HikariPool        : HikariPool-2 - Added connection org.postgresql.jdbc.PgConnection@6fcc84fd
2026-06-10T19:45:50.729+01:00  INFO 12440 --- [ecommerce-api] [  restartedMain] com.zaxxer.hikari.HikariDataSource       : HikariPool-2 - Start completed.
2026-06-10T19:45:50.736+01:00  INFO 12440 --- [ecommerce-api] [  restartedMain] org.flywaydb.core.FlywayExecutor         : Database: jdbc:postgresql://localhost:5432/uberweets-api-v2 (PostgreSQL 18.3)
2026-06-10T19:45:50.803+01:00  INFO 12440 --- [ecommerce-api] [  restartedMain] o.f.core.internal.command.DbValidate     : Successfully validated 2 migrations (execution time 00:00.031s)
2026-06-10T19:45:50.929+01:00  INFO 12440 --- [ecommerce-api] [  restartedMain] o.f.core.internal.command.DbMigrate      : Current version of schema "public": 2
2026-06-10T19:45:50.931+01:00  INFO 12440 --- [ecommerce-api] [  restartedMain] o.f.core.internal.command.DbMigrate      : Schema "public" is up to date. No migration necessary.
2026-06-10T19:45:50.976+01:00  INFO 12440 --- [ecommerce-api] [  restartedMain] org.hibernate.orm.jpa                    : HHH008540: Processing PersistenceUnitInfo [name: default]
2026-06-10T19:45:51.024+01:00  INFO 12440 --- [ecommerce-api] [  restartedMain] o.s.o.j.p.SpringPersistenceUnitInfo      : No LoadTimeWeaver setup: ignoring JPA class transformer
2026-06-10T19:45:51.043+01:00  INFO 12440 --- [ecommerce-api] [  restartedMain] org.hibernate.orm.connections.pooling    : HHH10001005: Database info:
	Database JDBC URL [jdbc:postgresql://localhost:5432/uberweets-api-v2]
	Database driver: PostgreSQL JDBC Driver
	Database dialect: PostgreSQLDialect
	Database version: 18.3
	Default catalog/schema: uberweets-api-v2/public
	Autocommit mode: undefined/unknown
	Isolation level: READ_COMMITTED [default READ_COMMITTED]
	JDBC fetch size: none
	Pool: DataSourceConnectionProvider
	Minimum pool size: undefined/unknown
	Maximum pool size: undefined/unknown
2026-06-10T19:45:51.145+01:00  INFO 12440 --- [ecommerce-api] [  restartedMain] org.hibernate.orm.core                   : HHH000489: No JTA platform available (set 'hibernate.transaction.jta.platform' to enable JTA platform integration)
2026-06-10T19:45:51.199+01:00  INFO 12440 --- [ecommerce-api] [  restartedMain] j.LocalContainerEntityManagerFactoryBean : Initialized JPA EntityManagerFactory for persistence unit 'default'
2026-06-10T19:45:51.293+01:00  WARN 12440 --- [ecommerce-api] [  restartedMain] JpaBaseConfiguration$JpaWebConfiguration : spring.jpa.open-in-view is enabled by default. Therefore, database queries may be performed during view rendering. Explicitly configure spring.jpa.open-in-view to disable this warning
2026-06-10T19:45:51.377+01:00  WARN 12440 --- [ecommerce-api] [  restartedMain] .s.a.UserDetailsServiceAutoConfiguration : 

Using generated security password: 2281f2b5-0633-432e-962c-3b53436957f3

This generated password is for development use only. Your security configuration must be updated before running your application in production.

2026-06-10T19:45:51.380+01:00  INFO 12440 --- [ecommerce-api] [  restartedMain] r$InitializeUserDetailsManagerConfigurer : Global AuthenticationManager configured with UserDetailsService bean with name inMemoryUserDetailsManager
2026-06-10T19:45:51.869+01:00  INFO 12440 --- [ecommerce-api] [  restartedMain] o.s.boot.tomcat.TomcatWebServer          : Tomcat started on port 8090 (http) with context path '/'
2026-06-10T19:45:51.873+01:00  INFO 12440 --- [ecommerce-api] [  restartedMain] c.m.e.EcommerceApiApplication            : Started EcommerceApiApplication in 2.148 seconds (process running for 309.334)
2026-06-10T19:45:51.875+01:00  WARN 12440 --- [ecommerce-api] [  restartedMain] o.s.core.events.SpringDocAppInitializer  : SpringDoc /v3/api-docs endpoint is enabled by default. To disable it in production, set the property 'springdoc.api-docs.enabled=false'
2026-06-10T19:45:51.876+01:00  WARN 12440 --- [ecommerce-api] [  restartedMain] o.s.core.events.SpringDocAppInitializer  : SpringDoc /swagger-ui.html endpoint is enabled by default. To disable it in production, set the property 'springdoc.swagger-ui.enabled=false'
2026-06-10T19:45:51.878+01:00  INFO 12440 --- [ecommerce-api] [  restartedMain] .ConditionEvaluationDeltaLoggingListener : Condition evaluation unchanged
2026-06-10T19:46:08.628+01:00  INFO 12440 --- [ecommerce-api] [   File Watcher] rtingClassPathChangeChangedEventListener : Restarting due to 4 class path changes (3 additions, 0 deletions, 1 modification)
2026-06-10T19:46:08.630+01:00  INFO 12440 --- [ecommerce-api] [       Thread-5] o.s.boot.tomcat.GracefulShutdown         : Commencing graceful shutdown. Waiting for active requests to complete
2026-06-10T19:46:08.684+01:00  INFO 12440 --- [ecommerce-api] [tomcat-shutdown] o.s.boot.tomcat.GracefulShutdown         : Graceful shutdown complete
2026-06-10T19:46:08.688+01:00  INFO 12440 --- [ecommerce-api] [       Thread-5] j.LocalContainerEntityManagerFactoryBean : Closing JPA EntityManagerFactory for persistence unit 'default'
2026-06-10T19:46:08.690+01:00  INFO 12440 --- [ecommerce-api] [       Thread-5] com.zaxxer.hikari.HikariDataSource       : HikariPool-2 - Shutdown initiated...
2026-06-10T19:46:08.697+01:00  INFO 12440 --- [ecommerce-api] [       Thread-5] com.zaxxer.hikari.HikariDataSource       : HikariPool-2 - Shutdown completed.

  .   ____          _            __ _ _
 /\\ / ___'_ __ _ _(_)_ __  __ _ \ \ \ \
( ( )\___ | '_ | '_| | '_ \/ _` | \ \ \ \
 \\/  ___)| |_)| | | | | || (_| |  ) ) ) )
  '  |____| .__|_| |_|_| |_\__, | / / / /
 =========|_|==============|___/=/_/_/_/

 :: Spring Boot ::                (v4.0.6)

2026-06-10T19:46:08.801+01:00  INFO 12440 --- [ecommerce-api] [  restartedMain] c.m.e.EcommerceApiApplication            : Starting EcommerceApiApplication using Java 20.0.2 with PID 12440 (C:\Users\Vyni\Documents\freelancer\uber-weets-v2\ecommerce-api\target\classes started by Vyni in C:\Users\Vyni\Documents\freelancer\uber-weets-v2\ecommerce-api)
2026-06-10T19:46:08.801+01:00  INFO 12440 --- [ecommerce-api] [  restartedMain] c.m.e.EcommerceApiApplication            : The following 1 profile is active: "dev"
2026-06-10T19:46:11.704+01:00  INFO 12440 --- [ecommerce-api] [  restartedMain] .s.d.r.c.RepositoryConfigurationDelegate : Bootstrapping Spring Data JPA repositories in DEFAULT mode.
2026-06-10T19:46:11.732+01:00  INFO 12440 --- [ecommerce-api] [  restartedMain] .s.d.r.c.RepositoryConfigurationDelegate : Finished Spring Data repository scanning in 24 ms. Found 1 JPA repository interface.
2026-06-10T19:46:11.992+01:00  INFO 12440 --- [ecommerce-api] [  restartedMain] o.s.boot.tomcat.TomcatWebServer          : Tomcat initialized with port 8090 (http)
2026-06-10T19:46:11.993+01:00  INFO 12440 --- [ecommerce-api] [  restartedMain] o.apache.catalina.core.StandardService   : Starting service [Tomcat]
2026-06-10T19:46:11.995+01:00  INFO 12440 --- [ecommerce-api] [  restartedMain] o.apache.catalina.core.StandardEngine    : Starting Servlet engine: [Apache Tomcat/11.0.21]
2026-06-10T19:46:12.048+01:00  INFO 12440 --- [ecommerce-api] [  restartedMain] b.w.c.s.WebApplicationContextInitializer : Root WebApplicationContext: initialization completed in 3242 ms
2026-06-10T19:46:12.206+01:00  INFO 12440 --- [ecommerce-api] [  restartedMain] com.zaxxer.hikari.HikariDataSource       : HikariPool-3 - Starting...
2026-06-10T19:46:12.243+01:00  INFO 12440 --- [ecommerce-api] [  restartedMain] com.zaxxer.hikari.pool.HikariPool        : HikariPool-3 - Added connection org.postgresql.jdbc.PgConnection@50271fc0
2026-06-10T19:46:12.244+01:00  INFO 12440 --- [ecommerce-api] [  restartedMain] com.zaxxer.hikari.HikariDataSource       : HikariPool-3 - Start completed.
2026-06-10T19:46:12.249+01:00  INFO 12440 --- [ecommerce-api] [  restartedMain] org.flywaydb.core.FlywayExecutor         : Database: jdbc:postgresql://localhost:5432/uberweets-api-v2 (PostgreSQL 18.3)
2026-06-10T19:46:12.299+01:00  INFO 12440 --- [ecommerce-api] [  restartedMain] o.f.core.internal.command.DbValidate     : Successfully validated 2 migrations (execution time 00:00.016s)
2026-06-10T19:46:12.375+01:00  INFO 12440 --- [ecommerce-api] [  restartedMain] o.f.core.internal.command.DbMigrate      : Current version of schema "public": 2
2026-06-10T19:46:12.378+01:00  INFO 12440 --- [ecommerce-api] [  restartedMain] o.f.core.internal.command.DbMigrate      : Schema "public" is up to date. No migration necessary.
2026-06-10T19:46:12.444+01:00  INFO 12440 --- [ecommerce-api] [  restartedMain] org.hibernate.orm.jpa                    : HHH008540: Processing PersistenceUnitInfo [name: default]
2026-06-10T19:46:12.502+01:00  INFO 12440 --- [ecommerce-api] [  restartedMain] o.s.o.j.p.SpringPersistenceUnitInfo      : No LoadTimeWeaver setup: ignoring JPA class transformer
2026-06-10T19:46:12.523+01:00  INFO 12440 --- [ecommerce-api] [  restartedMain] org.hibernate.orm.connections.pooling    : HHH10001005: Database info:
	Database JDBC URL [jdbc:postgresql://localhost:5432/uberweets-api-v2]
	Database driver: PostgreSQL JDBC Driver
	Database dialect: PostgreSQLDialect
	Database version: 18.3
	Default catalog/schema: uberweets-api-v2/public
	Autocommit mode: undefined/unknown
	Isolation level: READ_COMMITTED [default READ_COMMITTED]
	JDBC fetch size: none
	Pool: DataSourceConnectionProvider
	Minimum pool size: undefined/unknown
	Maximum pool size: undefined/unknown
2026-06-10T19:46:12.636+01:00  INFO 12440 --- [ecommerce-api] [  restartedMain] org.hibernate.orm.core                   : HHH000489: No JTA platform available (set 'hibernate.transaction.jta.platform' to enable JTA platform integration)
2026-06-10T19:46:12.663+01:00  INFO 12440 --- [ecommerce-api] [  restartedMain] j.LocalContainerEntityManagerFactoryBean : Initialized JPA EntityManagerFactory for persistence unit 'default'
2026-06-10T19:46:12.897+01:00  WARN 12440 --- [ecommerce-api] [  restartedMain] JpaBaseConfiguration$JpaWebConfiguration : spring.jpa.open-in-view is enabled by default. Therefore, database queries may be performed during view rendering. Explicitly configure spring.jpa.open-in-view to disable this warning
2026-06-10T19:46:13.009+01:00  WARN 12440 --- [ecommerce-api] [  restartedMain] .s.a.UserDetailsServiceAutoConfiguration : 

Using generated security password: c6f72fb8-5b0b-4c5e-83fd-484c93330c32

This generated password is for development use only. Your security configuration must be updated before running your application in production.

2026-06-10T19:46:13.010+01:00  INFO 12440 --- [ecommerce-api] [  restartedMain] r$InitializeUserDetailsManagerConfigurer : Global AuthenticationManager configured with UserDetailsService bean with name inMemoryUserDetailsManager
2026-06-10T19:46:13.607+01:00  INFO 12440 --- [ecommerce-api] [  restartedMain] o.s.boot.tomcat.TomcatWebServer          : Tomcat started on port 8090 (http) with context path '/'
2026-06-10T19:46:13.612+01:00  INFO 12440 --- [ecommerce-api] [  restartedMain] c.m.e.EcommerceApiApplication            : Started EcommerceApiApplication in 4.852 seconds (process running for 331.073)
2026-06-10T19:46:13.614+01:00  WARN 12440 --- [ecommerce-api] [  restartedMain] o.s.core.events.SpringDocAppInitializer  : SpringDoc /v3/api-docs endpoint is enabled by default. To disable it in production, set the property 'springdoc.api-docs.enabled=false'
2026-06-10T19:46:13.614+01:00  WARN 12440 --- [ecommerce-api] [  restartedMain] o.s.core.events.SpringDocAppInitializer  : SpringDoc /swagger-ui.html endpoint is enabled by default. To disable it in production, set the property 'springdoc.swagger-ui.enabled=false'
2026-06-10T19:46:13.617+01:00  INFO 12440 --- [ecommerce-api] [  restartedMain] .ConditionEvaluationDeltaLoggingListener : Condition evaluation unchanged
